Command: vcs -sverilog -full64 -debug_acc+all -debug_access+dmptf -timescale=1ns/1ns \
./rtl/rename.v ./rtl/instr_decode.v ./test/instr_buffer.v ./test/tb_decode_rename.v \
-l com.log
                         Chronologic VCS (TM)
        Version O-2018.09-1_Full64 -- Thu Sep 12 22:43:42 2024
               Copyright (c) 1991-2018 by Synopsys Inc.
                         ALL RIGHTS RESERVED

This program is proprietary and confidential information of Synopsys Inc.
and may be used and disclosed only as authorized in a license agreement
controlling such use and disclosure.

Parsing design file './rtl/rename.v'
Parsing design file './rtl/instr_decode.v'
Parsing included file './rtl/define.v'.
Back to file './rtl/instr_decode.v'.
Parsing design file './test/instr_buffer.v'
Parsing design file './test/tb_decode_rename.v'
Top Level Modules:
       tb_decode_rename
TimeScale is 1 ns / 1 ns
Starting vcs inline pass...
2 modules and 0 UDP read.
	However, due to incremental compilation, no re-compilation is necessary.
make[1]: Entering directory '/home/host/digital_ic/RV64/csrc'
rm -f _csrc*.so pre_vcsobj_*.so share_vcsobj_*.so
ld -shared  -Bsymbolic  -o .//../simv.daidir//_csrc0.so objs/amcQw_d.o 
rm -f _csrc0.so
if [ -x ../simv ]; then chmod -x ../simv; fi
g++  -o ../simv    -Wl,-rpath-link=./ -Wl,-rpath='$ORIGIN'/simv.daidir/ -Wl,-rpath=./simv.daidir/ \
-Wl,-rpath='$ORIGIN'/simv.daidir//scsim.db.dir  -rdynamic  -Wl,-rpath=/home/synopsys/vcs-mx/O-2018.09-1/linux64/lib \
-L/home/synopsys/vcs-mx/O-2018.09-1/linux64/lib     _113033_archive_1.so _prev_archive_1.so \
_csrc0.so  SIM_l.o  _csrc0.so     rmapats_mop.o rmapats.o rmar.o rmar_nd.o  rmar_llvm_0_1.o \
rmar_llvm_0_0.o          -lzerosoft_rt_stubs -lvirsim -lerrorinf -lsnpsmalloc -lvfs \
-lvcsnew -lsimprofile -luclinative /home/synopsys/vcs-mx/O-2018.09-1/linux64/lib/vcs_tls.o \
-Wl,-whole-archive -lvcsucli -Wl,-no-whole-archive        _vcs_pli_stub_.o   /home/synopsys/vcs-mx/O-2018.09-1/linux64/lib/vcs_save_restore_new.o \
/home/synopsys/verdi/Verdi_O-2018.09-SP2/share/PLI/VCS/LINUX64/pli.a -ldl  -lc -lm \
-lpthread -ldl 
../simv up to date
make[1]: Leaving directory '/home/host/digital_ic/RV64/csrc'
CPU time: .221 seconds to compile + .159 seconds to elab + .131 seconds to link
